#
# There is insufficient memory for the Java Runtime Environment to continue.
# Native memory allocation (mmap) failed to map 62914560 bytes for G1 virtual space
# Possible reasons:
#   The system is out of physical RAM or swap space
#   The process is running with CompressedOops enabled, and the Java Heap may be blocking the growth of the native heap
# Possible solutions:
#   Reduce memory load on the system
#   Increase physical memory or swap space
#   Check if swap backing store is full
#   Decrease Java heap size (-Xmx/-Xms)
#   Decrease number of Java threads
#   Decrease Java thread stack sizes (-Xss)
#   Set larger code cache with -XX:ReservedCodeCacheSize=
#   JVM is running with Unscaled Compressed Oops mode in which the Java heap is
#     placed in the first 4GB address space. The Java Heap base address is the
#     maximum limit for the native heap growth. Please use -XX:HeapBaseMinAddress
#     to set the Java Heap base and to place the Java Heap above 4GB virtual address.
# This output file may be truncated or incomplete.
#
#  Out of Memory Error (os_windows.cpp:3603), pid=23024, tid=14968
#
# JRE version:  (21.0.6+8) (build )
# Java VM: Java HotSpot(TM) 64-Bit Server VM (21.0.6+8-LTS-188, mixed mode, sharing, tiered, compressed oops, compressed class ptrs, g1 gc, windows-amd64)
# No core dump will be written. Minidumps are not enabled by default on client versions of Windows
#

---------------  S U M M A R Y ------------

Command Line: -Dclassworlds.conf=C:\Users\pc\.vscode\extensions\oracle.oracle-java-24.0.0\nbcode\java\maven\bin\m2.conf -Dmaven.home=C:\Users\pc\.vscode\extensions\oracle.oracle-java-24.0.0\nbcode\java\maven -Dlibrary.jansi.path=C:\Users\pc\.vscode\extensions\oracle.oracle-java-24.0.0\nbcode\java\maven\lib\jansi-native -Dmaven.multiModuleProjectDirectory=C:\Users\pc\Desktop\JavaFSE_Hands-on_Solutions_6418159-main\JavaFSE_Hands-on_Solutions_6418159-main\Week-2\SLF4J_Logging_Framework\Ex-1_LoggingErrorMessagesAndWarningLevels org.codehaus.plexus.classworlds.launcher.Launcher -DskipTests=true -Dmaven.ext.class.path=C:\Users\pc\.vscode\extensions\oracle.oracle-java-24.0.0\nbcode\java\maven-nblib\netbeans-eventspy.jar --no-transfer-progress --fail-at-end install

Host: 11th Gen Intel(R) Core(TM) i5-1135G7 @ 2.40GHz, 8 cores, 3G,  Windows 11 , 64 bit Build 26100 (10.0.26100.4484)
Time: Wed Jul  9 23:18:37 2025 India Standard Time elapsed time: 1.171492 seconds (0d 0h 0m 1s)

---------------  T H R E A D  ---------------

Current thread (0x000001debfba4d00):  JavaThread "Unknown thread" [_thread_in_vm, id=14968, stack(0x000000bb92c00000,0x000000bb92d00000) (1024K)]

Stack: [0x000000bb92c00000,0x000000bb92d00000]
Native frames: (J=compiled Java code, j=interpreted, Vv=VM code, C=native code)
V  [jvm.dll+0x6ca6d9]
V  [jvm.dll+0x854f51]
V  [jvm.dll+0x85747e]
V  [jvm.dll+0x857b53]
V  [jvm.dll+0x27dcc6]
V  [jvm.dll+0x6c6e55]
V  [jvm.dll+0x6bb9da]
V  [jvm.dll+0x35393a]
V  [jvm.dll+0x35b596]
V  [jvm.dll+0x3adefe]
V  [jvm.dll+0x3ae1a8]
V  [jvm.dll+0x327cbc]
V  [jvm.dll+0x32881b]
V  [jvm.dll+0x81e309]
V  [jvm.dll+0x3babe1]
V  [jvm.dll+0x807658]
V  [jvm.dll+0x44fdae]
V  [jvm.dll+0x4519a1]
C  [jli.dll+0x52a3]
C  [ucrtbase.dll+0x37b0]
C  [KERNEL32.DLL+0x2e8d7]
C  [ntdll.dll+0x3c34c]


---------------  P R O C E S S  ---------------

Threads class SMR info:
_java_thread_list=0x00007ffa23c9cc08, length=0, elements={
}

Java Threads: ( => current thread )
Total: 0

Other Threads:
  0x000001debd8b02a0 WorkerThread "GC Thread#0"                     [id=16756, stack(0x000000bb92d00000,0x000000bb92e00000) (1024K)]
  0x000001debfbe2290 ConcurrentGCThread "G1 Main Marker"            [id=24768, stack(0x000000bb92e00000,0x000000bb92f00000) (1024K)]
  0x000001debd8b09e0 WorkerThread "G1 Conc#0"                       [id=21696, stack(0x000000bb92f00000,0x000000bb93000000) (1024K)]

[error occurred during error reporting (printing all threads), id 0xc0000005, EXCEPTION_ACCESS_VIOLATION (0xc0000005) at pc=0x00007ffa2340a427]
VM state: not at safepoint (not fully initialized)

VM Mutex/Monitor currently owned by a thread:  ([mutex/lock_event])
[0x00007ffa23d0df98] Heap_lock - owner thread: 0x000001debfba4d00

Heap address: 0x00000000c5800000, size: 936 MB, Compressed Oops mode: 32-bit

CDS archive(s) mapped at: [0x0000000000000000-0x0000000000000000-0x0000000000000000), size 0, SharedBaseAddress: 0x0000000800000000, ArchiveRelocationMode: 1.
Narrow klass base: 0x0000000000000000, Narrow klass shift: 0, Narrow klass range: 0x0

GC Precious Log:
 CardTable entry size: 512
 Card Set container configuration: InlinePtr #cards 5 size 8 Array Of Cards #cards 12 size 40 Howl #buckets 4 coarsen threshold 1843 Howl Bitmap #cards 512 size 80 coarsen threshold 460 Card regions per heap region 1 cards per card region 2048

Heap:
 garbage-first heap   total 0K, used 0K [0x00000000c5800000, 0x0000000100000000)
  region size 1024K, 0 young (0K), 0 survivors (0K)

[error occurred during error reporting (printing heap information), id 0xc0000005, EXCEPTION_ACCESS_VIOLATION (0xc0000005) at pc=0x00007ffa237f36a9]
GC Heap History (0 events):
No events

Dll operation events (1 events):
Event: 0.035 Loaded shared library C:\Program Files\Java\jdk-21\bin\java.dll

Deoptimization events (0 events):
No events

Classes loaded (0 events):
No events

Classes unloaded (0 events):
No events

Classes redefined (0 events):
No events

Internal exceptions (0 events):
No events

ZGC Phase Switch (0 events):
No events

VM Operations (0 events):
No events

Events (0 events):
No events


Dynamic libraries:
0x00007ff7b5b50000 - 0x00007ff7b5b60000 	C:\Program Files\Java\jdk-21\bin\java.exe
0x00007ffa96f20000 - 0x00007ffa97188000 	C:\WINDOWS\SYSTEM32\ntdll.dll
0x00007ffa968d0000 - 0x00007ffa96999000 	C:\WINDOWS\System32\KERNEL32.DLL
0x00007ffa94550000 - 0x00007ffa9493d000 	C:\WINDOWS\System32\KERNELBASE.dll
0x00007ffa94280000 - 0x00007ffa943cb000 	C:\WINDOWS\System32\ucrtbase.dll
0x00007ffa83870000 - 0x00007ffa8388b000 	C:\Program Files\Java\jdk-21\bin\VCRUNTIME140.dll
0x00007ffa83b00000 - 0x00007ffa83b19000 	C:\Program Files\Java\jdk-21\bin\jli.dll
0x00007ffa96be0000 - 0x00007ffa96c94000 	C:\WINDOWS\System32\ADVAPI32.dll
0x00007ffa96b30000 - 0x00007ffa96bd9000 	C:\WINDOWS\System32\msvcrt.dll
0x00007ffa96e30000 - 0x00007ffa96ed6000 	C:\WINDOWS\System32\sechost.dll
0x00007ffa94d00000 - 0x00007ffa94e18000 	C:\WINDOWS\System32\RPCRT4.dll
0x00007ffa96480000 - 0x00007ffa9664c000 	C:\WINDOWS\System32\USER32.dll
0x00007ffa94110000 - 0x00007ffa94137000 	C:\WINDOWS\System32\win32u.dll
0x00007ffa963e0000 - 0x00007ffa9640b000 	C:\WINDOWS\System32\GDI32.dll
0x00007ffa94b80000 - 0x00007ffa94cb7000 	C:\WINDOWS\System32\gdi32full.dll
0x00007ffa941d0000 - 0x00007ffa94273000 	C:\WINDOWS\System32\msvcp_win.dll
0x00007ffa7b610000 - 0x00007ffa7b8aa000 	C:\WINDOWS\WinSxS\amd64_microsoft.windows.common-controls_6595b64144ccf1df_6.0.26100.4484_none_3e0e6d4ce32ef3b3\COMCTL32.dll
0x00007ffa85480000 - 0x00007ffa8548b000 	C:\WINDOWS\SYSTEM32\VERSION.dll
0x00007ffa94cc0000 - 0x00007ffa94cef000 	C:\WINDOWS\System32\IMM32.DLL
0x000000006d6d0000 - 0x000000006d6dc000 	C:\Program Files (x86)\360\Total Security\safemon\SafeWrapper.dll
0x00007ffa762a0000 - 0x00007ffa7634c000 	C:\Program Files (x86)\360\Total Security\safemon\libzdtp64.dll
0x00007ffa959a0000 - 0x00007ffa960ea000 	C:\WINDOWS\System32\SHELL32.dll
0x00007ffa943d0000 - 0x00007ffa94544000 	C:\WINDOWS\System32\wintypes.dll
0x00007ffa955b0000 - 0x00007ffa95936000 	C:\WINDOWS\System32\combase.dll
0x00007ffa96410000 - 0x00007ffa9647a000 	C:\WINDOWS\System32\SHLWAPI.dll
0x00007ffa83c30000 - 0x00007ffa83c3c000 	C:\Program Files\Java\jdk-21\bin\vcruntime140_1.dll
0x00007ffa75310000 - 0x00007ffa7539e000 	C:\Program Files\Java\jdk-21\bin\msvcp140.dll
0x00007ffa230d0000 - 0x00007ffa23dea000 	C:\Program Files\Java\jdk-21\bin\server\jvm.dll
0x00007ffa94e20000 - 0x00007ffa94e94000 	C:\WINDOWS\System32\WS2_32.dll
0x00007ffa93ec0000 - 0x00007ffa93f1e000 	C:\WINDOWS\SYSTEM32\POWRPROF.dll
0x00007ffa7ba50000 - 0x00007ffa7ba85000 	C:\WINDOWS\SYSTEM32\WINMM.dll
0x00007ffa93ea0000 - 0x00007ffa93eb4000 	C:\WINDOWS\SYSTEM32\UMPDC.dll
0x00007ffa92e10000 - 0x00007ffa92e2b000 	C:\WINDOWS\SYSTEM32\kernel.appcore.dll
0x00007ffa85490000 - 0x00007ffa8549a000 	C:\Program Files\Java\jdk-21\bin\jimage.dll
0x00007ffa918f0000 - 0x00007ffa91b31000 	C:\WINDOWS\SYSTEM32\DBGHELP.DLL
0x00007ffa96cb0000 - 0x00007ffa96d90000 	C:\WINDOWS\System32\OLEAUT32.dll
0x00007ffa7dd80000 - 0x00007ffa7ddc3000 	C:\WINDOWS\SYSTEM32\dbgcore.DLL
0x00007ffa94070000 - 0x00007ffa94109000 	C:\WINDOWS\System32\bcryptPrimitives.dll
0x00007ffa85600000 - 0x00007ffa8561f000 	C:\Program Files\Java\jdk-21\bin\java.dll

dbghelp: loaded successfully - version: 4.0.5 - missing functions: none
symbol engine: initialized successfully - sym options: 0x614 - pdb path: .;C:\Program Files\Java\jdk-21\bin;C:\WINDOWS\SYSTEM32;C:\WINDOWS\WinSxS\amd64_microsoft.windows.common-controls_6595b64144ccf1df_6.0.26100.4484_none_3e0e6d4ce32ef3b3;C:\Program Files (x86)\360\Total Security\safemon;C:\Program Files\Java\jdk-21\bin\server

VM Arguments:
jvm_args: -Dclassworlds.conf=C:\Users\pc\.vscode\extensions\oracle.oracle-java-24.0.0\nbcode\java\maven\bin\m2.conf -Dmaven.home=C:\Users\pc\.vscode\extensions\oracle.oracle-java-24.0.0\nbcode\java\maven -Dlibrary.jansi.path=C:\Users\pc\.vscode\extensions\oracle.oracle-java-24.0.0\nbcode\java\maven\lib\jansi-native -Dmaven.multiModuleProjectDirectory=C:\Users\pc\Desktop\JavaFSE_Hands-on_Solutions_6418159-main\JavaFSE_Hands-on_Solutions_6418159-main\Week-2\SLF4J_Logging_Framework\Ex-1_LoggingErrorMessagesAndWarningLevels 
java_command: org.codehaus.plexus.classworlds.launcher.Launcher -DskipTests=true -Dmaven.ext.class.path=C:\Users\pc\.vscode\extensions\oracle.oracle-java-24.0.0\nbcode\java\maven-nblib\netbeans-eventspy.jar --no-transfer-progress --fail-at-end install
java_class_path (initial): C:\Users\pc\.vscode\extensions\oracle.oracle-java-24.0.0\nbcode\java\maven\boot\plexus-classworlds-2.8.0.jar
Launcher Type: SUN_STANDARD

[Global flags]
     intx CICompilerCount                          = 4                                         {product} {ergonomic}
     uint ConcGCThreads                            = 2                                         {product} {ergonomic}
     uint G1ConcRefinementThreads                  = 8                                         {product} {ergonomic}
   size_t G1HeapRegionSize                         = 1048576                                   {product} {ergonomic}
    uintx GCDrainStackTargetSize                   = 64                                        {product} {ergonomic}
   size_t InitialHeapSize                          = 62914560                                  {product} {ergonomic}
   size_t MarkStackSize                            = 4194304                                   {product} {ergonomic}
   size_t MaxHeapSize                              = 981467136                                 {product} {ergonomic}
   size_t MinHeapDeltaBytes                        = 1048576                                   {product} {ergonomic}
   size_t MinHeapSize                              = 8388608                                   {product} {ergonomic}
    uintx NonNMethodCodeHeapSize                   = 5839372                                {pd product} {ergonomic}
    uintx NonProfiledCodeHeapSize                  = 122909434                              {pd product} {ergonomic}
    uintx ProfiledCodeHeapSize                     = 122909434                              {pd product} {ergonomic}
    uintx ReservedCodeCacheSize                    = 251658240                              {pd product} {ergonomic}
     bool SegmentedCodeCache                       = true                                      {product} {ergonomic}
   size_t SoftMaxHeapSize                          = 981467136                              {manageable} {ergonomic}
     bool UseCompressedOops                        = true                           {product lp64_product} {ergonomic}
     bool UseG1GC                                  = true                                      {product} {ergonomic}
     bool UseLargePagesIndividualAllocation        = false                                  {pd product} {ergonomic}

Logging:
Log output configuration:
 #0: stdout all=warning uptime,level,tags foldmultilines=false
 #1: stderr all=off uptime,level,tags foldmultilines=false

Environment Variables:
JAVA_HOME=C:\Program Files\Java\jdk-21
PATH=C:\Program Files\Common Files\Oracle\Java\javapath;C:\WINDOWS\system32;C:\WINDOWS;C:\WINDOWS\System32\Wbem;C:\WINDOWS\System32\WindowsPowerShell\v1.0\;C:\WINDOWS\System32\OpenSSH\;C:\Program Files\Java\jdk-21\bin;C:\Users\pc\Downloads\apache-maven-3.9.10-bin\bin;C:\Program Files\Git\cmd;C:\Users\pc\Downloads\python-3.13.5-amd64\bin;C:\Users\pc\AppData\Local\Programs\Python\Launcher\;C:\Program Files\MySQL\MySQL Shell 8.0\bin\;C:\Users\pc\AppData\Local\Microsoft\WindowsApps;C:\Users\pc\AppData\Local\Programs\Microsoft VS Code\bin;
USERNAME=pc
OS=Windows_NT
PROCESSOR_IDENTIFIER=Intel64 Family 6 Model 140 Stepping 1, GenuineIntel
TMP=C:\Users\pc\AppData\Local\Temp
TEMP=C:\Users\pc\AppData\Local\Temp




Periodic native trim disabled

---------------  S Y S T E M  ---------------

OS:
 Windows 11 , 64 bit Build 26100 (10.0.26100.4484)
OS uptime: 0 days 4:11 hours

CPU: total 8 (initial active 8) (4 cores per cpu, 2 threads per core) family 6 model 140 stepping 1 microcode 0xb4, cx8, cmov, fxsr, ht, mmx, 3dnowpref, sse, sse2, sse3, ssse3, sse4.1, sse4.2, popcnt, lzcnt, tsc, tscinvbit, avx, avx2, aes, erms, clmul, bmi1, bmi2, adx, avx512f, avx512dq, avx512cd, avx512bw, avx512vl, sha, fma, vzeroupper, avx512_vpopcntdq, avx512_vpclmulqdq, avx512_vaes, avx512_vnni, clflush, clflushopt, clwb, avx512_vbmi2, avx512_vbmi, rdtscp, rdpid, fsrm, gfni, avx512_bitalg, f16c, pku, cet_ibt, cet_ss, avx512_ifma
Processor Information for processor 0
  Max Mhz: 2401, Current Mhz: 2400, Mhz Limit: 2376
Processor Information for processor 1
  Max Mhz: 2401, Current Mhz: 2400, Mhz Limit: 2376
Processor Information for processor 2
  Max Mhz: 2401, Current Mhz: 2400, Mhz Limit: 2376
Processor Information for processor 3
  Max Mhz: 2401, Current Mhz: 2400, Mhz Limit: 2376
Processor Information for processor 4
  Max Mhz: 2401, Current Mhz: 2100, Mhz Limit: 2376
Processor Information for processor 5
  Max Mhz: 2401, Current Mhz: 2400, Mhz Limit: 2376
Processor Information for processor 6
  Max Mhz: 2401, Current Mhz: 2400, Mhz Limit: 2376
Processor Information for processor 7
  Max Mhz: 2401, Current Mhz: 2400, Mhz Limit: 2376

Memory: 4k page, system-wide physical 3738M (286M free)
TotalPageFile size 15002M (AvailPageFile size 32M)
current process WorkingSet (physical memory assigned to process): 13M, peak: 13M
current process commit charge ("private bytes"): 60M, peak: 120M

vm_info: Java HotSpot(TM) 64-Bit Server VM (21.0.6+8-LTS-188) for windows-amd64 JRE (21.0.6+8-LTS-188), built on 2024-12-03T10:50:54Z by "mach5one" with MS VC++ 17.6 (VS2022)

END.
